time="2022-07-28T16:01:36Z" level=warning msg="Current umask 0002 is too permissive; setting umask 0027"
time="2022-07-28T16:01:36Z" level=info msg=Configured admin_ids="[]" data_dir=./.data
time="2022-07-28T16:01:36Z" level=warning msg="The node resolver plugin type is deprecated and will be removed from a future release" subsystem_name=catalog
time="2022-07-28T16:01:36Z" level=info msg="Opening SQL database" db_type=sqlite3 subsystem_name=sql
time="2022-07-28T16:01:36Z" level=info msg="Initializing new database" subsystem_name=sql
time="2022-07-28T16:01:36Z" level=info msg="Connected to SQL database" read_only=false subsystem_name=sql type=sqlite3 version=3.38.5
time="2022-07-28T16:01:36Z" level=info msg="Plugin loaded" external=false plugin_name=azure_msi plugin_type=NodeAttestor subsystem_name=catalog
time="2022-07-28T16:01:36Z" level=warning msg="Service is deprecated and will be removed in a future release" deprecated_service_name=spire.plugin.server.noderesolver.v1.NodeResolver external=false plugin_name=azure_msi plugin_type=NodeResolver subsystem_name=catalog
time="2022-07-28T16:01:36Z" level=warning msg="This plugin is deprecated and will be removed from a future release. Configure the azure_msi nodeattestor to resolve selectors instead." external=false plugin_name=azure_msi plugin_type=NodeResolver subsystem_name=catalog
time="2022-07-28T16:01:36Z" level=info msg="Plugin loaded" external=false plugin_name=azure_msi plugin_type=NodeResolver subsystem_name=catalog
time="2022-07-28T16:01:36Z" level=info msg="Plugin loaded" external=false plugin_name=memory plugin_type=KeyManager subsystem_name=catalog
time="2022-07-28T16:01:36Z" level=info msg="Plugin loaded" external=false plugin_name=disk plugin_type=UpstreamAuthority subsystem_name=catalog
time="2022-07-28T16:01:36Z" level=debug msg="Loading journal" path=.data/journal.pem subsystem_name=ca_manager
time="2022-07-28T16:01:36Z" level=info msg="Journal loaded" jwt_keys=0 subsystem_name=ca_manager x509_cas=0
time="2022-07-28T16:01:36Z" level=debug msg="Preparing X509 CA" slot=A subsystem_name=ca_manager
time="2022-07-28T16:01:36Z" level=info msg="X509 CA prepared" expiration="2022-07-29T16:01:36Z" issued_at="2022-07-28T16:01:36Z" self_signed=false slot=A subsystem_name=ca_manager
time="2022-07-28T16:01:36Z" level=info msg="X509 CA activated" expiration="2022-07-29T16:01:36Z" issued_at="2022-07-28T16:01:36Z" slot=A subsystem_name=ca_manager
time="2022-07-28T16:01:36Z" level=debug msg="Successfully rotated X.509 CA" subsystem_name=ca_manager trust_domain_id="spiffe://example.org" ttl=86399.109114687
time="2022-07-28T16:01:36Z" level=debug msg="Preparing JWT key" slot=A subsystem_name=ca_manager
time="2022-07-28T16:01:36Z" level=warning msg="UpstreamAuthority plugin does not support JWT-SVIDs. Workloads managed by this server may have trouble communicating with workloads outside this cluster when using JWT-SVIDs." plugin_name=disk subsystem_name=ca_manager
time="2022-07-28T16:01:36Z" level=info msg="JWT key prepared" expiration="2022-07-29T16:01:36Z" issued_at="2022-07-28T16:01:36Z" slot=A subsystem_name=ca_manager
time="2022-07-28T16:01:36Z" level=info msg="JWT key activated" expiration="2022-07-29T16:01:36Z" issued_at="2022-07-28T16:01:36Z" slot=A subsystem_name=ca_manager
time="2022-07-28T16:01:36Z" level=debug msg="Rotating server SVID" subsystem_name=svid_rotator
time="2022-07-28T16:01:36Z" level=debug msg="Signed X509 SVID" expiration="2022-07-28T17:01:36Z" spiffe_id="spiffe://example.org/spire/server" subsystem_name=svid_rotator
time="2022-07-28T16:01:36Z" level=info msg="Building in-memory entry cache" subsystem_name=endpoints
time="2022-07-28T16:01:36Z" level=info msg="Completed building in-memory entry cache" subsystem_name=endpoints
time="2022-07-28T16:01:36Z" level=debug msg="Initializing API endpoints" subsystem_name=endpoints
time="2022-07-28T16:01:36Z" level=info msg="Starting Server APIs" address="127.0.0.1:8081" network=tcp subsystem_name=endpoints
time="2022-07-28T16:01:36Z" level=info msg="Starting Server APIs" address=/tmp/spire-server/private/api.sock network=unix subsystem_name=endpoints
time="2022-07-28T16:01:37Z" level=debug msg="Starting checker" name=catalog.datastore subsystem_name=health
time="2022-07-28T16:01:37Z" level=debug msg="Starting checker" name=server.ca subsystem_name=health
time="2022-07-28T16:01:37Z" level=debug msg="Starting checker" name=server.ca.manager subsystem_name=health
time="2022-07-28T16:01:37Z" level=debug msg="Starting checker" name=server subsystem_name=health
time="2022-07-28T16:01:51Z" level=info msg="Agent attestation request completed" address="127.0.0.1:54586" agent_id="spiffe://example.org/spire/agent/azure_msi/d0b49470-46d3-49eb-9bb4-96fe891119db/5dc0097f-a814-4bd8-a559-0de0eadd68af" authorized_as=nobody authorized_via= caller_addr="127.0.0.1:54586" method=AttestAgent node_attestor_type=azure_msi request_id=666192e7-16c0-46a6-8602-41d3c7413a78 service=agent.v1.Agent subsystem_name=api
time="2022-07-28T16:01:57Z" level=debug msg="Signed X509 SVID" authorized_as=agent authorized_via=datastore caller_addr="127.0.0.1:54588" caller_id="spiffe://example.org/spire/agent/azure_msi/d0b49470-46d3-49eb-9bb4-96fe891119db/5dc0097f-a814-4bd8-a559-0de0eadd68af" entry_id=3e8c3867-f22c-4a10-9c1d-21dcb7480c8c expiration="2022-07-28T17:01:57Z" method=BatchNewX509SVID request_id=7b1e10c5-4e20-4171-baf9-1020d9d9b608 service=svid.v1.SVID spiffe_id="spiffe://example.org/agent_node" subsystem_name=api
